04:06:15 **** Rebuild of configuration Debug for project Ex1 ****
Info: Internal Builder is used for build
gcc -O0 -g3 -Wall -c -fmessage-length=0 -o "src\\Ex1.o" "..\\src\\Ex1.c" 
gcc -o Ex1.exe "src\\Ex1.o" 
Info: Nothing to build for Ex1
04:07:42 **** Incremental Build of configuration Debug for project Ex1 ****
Info: Internal Builder is used for build
gcc -O0 -g3 -Wall -c -fmessage-length=0 -o "src\\Ex1.o" "..\\src\\Ex1.c" 
gcc -o Ex1.exe "src\\Ex1.o" 
Info: Nothing to build for Ex1
04:08:45 **** Incremental Build of configuration Debug for project Ex1 ****
Info: Internal Builder is used for build
gcc -O0 -g3 -Wall -c -fmessage-length=0 -o "src\\Ex1.o" "..\\src\\Ex1.c" 
gcc -o Ex1.exe "src\\Ex1.o" 
Info: Nothing to build for Ex1
04:11:09 **** Incremental Build of configuration Debug for project Ex1 ****
Info: Internal Builder is used for build
gcc -O0 -g3 -Wall -c -fmessage-length=0 -o "src\\Ex1.o" "..\\src\\Ex1.c" 
gcc -o Ex1.exe "src\\Ex1.o" 
Info: Nothing to build for Ex1
04:15:49 **** Incremental Build of configuration Debug for project Ex1 ****
Info: Internal Builder is used for build
gcc -O0 -g3 -Wall -c -fmessage-length=0 -o "src\\Ex1.o" "..\\src\\Ex1.c" 
gcc -o Ex1.exe "src\\Ex1.o" 
Info: Nothing to build for Ex1
04:19:18 **** Incremental Build of configuration Debug for project Ex1 ****
Info: Internal Builder is used for build
gcc -O0 -g3 -Wall -c -fmessage-length=0 -o "src\\Ex1.o" "..\\src\\Ex1.c" 
gcc -o Ex1.exe "src\\Ex1.o" 
Info: Nothing to build for Ex1
Info: Nothing to build for Ex1
Info: Nothing to build for Ex1
Info: Nothing to build for Ex1
Info: Nothing to build for Ex1
Info: Nothing to build for Ex1
Info: Nothing to build for Ex1
04:35:40 **** Incremental Build of configuration Debug for project Ex1 ****
Info: Internal Builder is used for build
gcc -O0 -g3 -Wall -c -fmessage-length=0 -o "src\\Ex1.o" "..\\src\\Ex1.c" 
gcc -o Ex1.exe "src\\Ex1.o" 
c:/users/lenovo/gcc/bin/../lib/gcc/x86_64-w64-mingw32/10.2.0/../../../../x86_64-w64-mingw32/bin/ld.exe: cannot open output file Ex1.exe: Permission denied
collect2.exe: error: ld returned 1 exit status
04:35:45 **** Incremental Build of configuration Debug for project Ex1 ****
Info: Internal Builder is used for build
gcc -o Ex1.exe "src\\Ex1.o" 
c:/users/lenovo/gcc/bin/../lib/gcc/x86_64-w64-mingw32/10.2.0/../../../../x86_64-w64-mingw32/bin/ld.exe: cannot open output file Ex1.exe: Permission denied
collect2.exe: error: ld returned 1 exit status
04:36:18 **** Rebuild of configuration Debug for project ex_1 ****
Info: Internal Builder is used for build
gcc -O0 -g3 -Wall -c -fmessage-length=0 -o "src\\ex_1.o" "..\\src\\ex_1.c" 
gcc -o ex_1.exe "src\\ex_1.o" 
Info: Nothing to build for ex_1
04:37:05 **** Incremental Build of configuration Debug for project ex_1 ****
Info: Internal Builder is used for build
gcc -O0 -g3 -Wall -c -fmessage-length=0 -o "src\\ex_1.o" "..\\src\\ex_1.c" 
gcc -o ex_1.exe "src\\ex_1.o" 
Info: Nothing to build for ex_1
04:37:19 **** Incremental Build of configuration Debug for project ex_1 ****
Info: Internal Builder is used for build
gcc -O0 -g3 -Wall -c -fmessage-length=0 -o "src\\ex_1.o" "..\\src\\ex_1.c" 
gcc -o ex_1.exe "src\\ex_1.o" 
Info: Nothing to build for ex_1
Info: Nothing to build for ex_1
04:39:24 **** Incremental Build of configuration Debug for project ex_1 ****
Info: Internal Builder is used for build
gcc -O0 -g3 -Wall -c -fmessage-length=0 -o "src\\ex_1.o" "..\\src\\ex_1.c" 
gcc -o ex_1.exe "src\\ex_1.o" 
c:/users/lenovo/gcc/bin/../lib/gcc/x86_64-w64-mingw32/10.2.0/../../../../x86_64-w64-mingw32/bin/ld.exe: cannot open output file ex_1.exe: Permission denied
collect2.exe: error: ld returned 1 exit status
04:39:26 **** Incremental Build of configuration Debug for project ex_1 ****
Info: Internal Builder is used for build
gcc -o ex_1.exe "src\\ex_1.o" 
c:/users/lenovo/gcc/bin/../lib/gcc/x86_64-w64-mingw32/10.2.0/../../../../x86_64-w64-mingw32/bin/ld.exe: cannot open output file ex_1.exe: Permission denied
collect2.exe: error: ld returned 1 exit status
04:45:35 **** Rebuild of configuration Debug for project Ex_1 ****
Info: Internal Builder is used for build
gcc -O0 -g3 -Wall -c -fmessage-length=0 -o "src\\Ex_1.o" "..\\src\\Ex_1.c" 
..\src\Ex_1.c:40:2: error: stray '#' in program
   40 | }#include <stdio.h>
      |  ^
..\src\Ex_1.c:40:11: error: expected '=', ',', ';', 'asm' or '__attribute__' before '<' token
   40 | }#include <stdio.h>
      |           ^
..\src\Ex_1.c:54:5: error: redefinition of 'main'
   54 | int main(void) {
      |     ^~~~
..\src\Ex_1.c:25:5: note: previous definition of 'main' was here
   25 | int main(void) {
      |     ^~~~
04:46:13 **** Incremental Build of configuration Debug for project Ex_1 ****
Info: Internal Builder is used for build
gcc -O0 -g3 -Wall -c -fmessage-length=0 -o "src\\Ex_1.o" "..\\src\\Ex_1.c" 
gcc -o Ex_1.exe "src\\Ex_1.o" 
Info: Nothing to build for Ex_1
04:46:37 **** Incremental Build of configuration Debug for project Ex_1 ****
Info: Internal Builder is used for build
gcc -O0 -g3 -Wall -c -fmessage-length=0 -o "src\\Ex_1.o" "..\\src\\Ex_1.c" 
gcc -o Ex_1.exe "src\\Ex_1.o" 
Info: Nothing to build for Ex_1
05:15:22 **** Incremental Build of configuration Debug for project Ex_1 ****
Info: Internal Builder is used for build
gcc -O0 -g3 -Wall -c -fmessage-length=0 -o "src\\Ex_1.o" "..\\src\\Ex_1.c" 
gcc -o Ex_1.exe "src\\Ex_1.o" 
Info: Nothing to build for Ex_1
05:15:48 **** Incremental Build of configuration Debug for project Ex_1 ****
Info: Internal Builder is used for build
gcc -O0 -g3 -Wall -c -fmessage-length=0 -o "src\\Ex_1.o" "..\\src\\Ex_1.c" 
gcc -o Ex_1.exe "src\\Ex_1.o" 
Info: Nothing to build for Ex_1
05:16:15 **** Incremental Build of configuration Debug for project Ex_1 ****
Info: Internal Builder is used for build
gcc -O0 -g3 -Wall -c -fmessage-length=0 -o "src\\Ex_1.o" "..\\src\\Ex_1.c" 
gcc -o Ex_1.exe "src\\Ex_1.o" 
Info: Nothing to build for Ex_1
Info: Nothing to build for Ex_1
Info: Nothing to build for Ex_1
06:29:18 **** Rebuild of configuration Debug for project Ex_2 ****
Info: Internal Builder is used for build
gcc -O0 -g3 -Wall -c -fmessage-length=0 -o "src\\Ex_2.o" "..\\src\\Ex_2.c" 
..\src\Ex_2.c: In function 'factorial':
..\src\Ex_2.c:16:5: error: expected declaration specifiers before 'if'
   16 |     if (y == 0)
      |     ^~
..\src\Ex_2.c:20:5: error: expected declaration specifiers before 'else'
   20 |     else
      |     ^~~~
..\src\Ex_2.c:22:1: error: expected declaration specifiers before '}' token
   22 | }
      | ^
..\src\Ex_2.c:23:16: error: expected '=', ',', ';', 'asm' or '__attribute__' before '{' token
   23 | int main(void) {
      |                ^
..\src\Ex_2.c:30: error: expected '{' at end of input
   30 | }
      | 
..\src\Ex_2.c:30: warning: control reaches end of non-void function [-Wreturn-type]
   30 | }
      | 
Info: Nothing to build for Ex_1
06:29:52 **** Incremental Build of configuration Debug for project Ex_2 ****
Info: Internal Builder is used for build
gcc -O0 -g3 -Wall -c -fmessage-length=0 -o "src\\Ex_2.o" "..\\src\\Ex_2.c" 
gcc -o Ex_2.exe "src\\Ex_2.o" 
Info: Nothing to build for Ex_2
Info: Nothing to build for Ex_1
06:30:23 **** Incremental Build of configuration Debug for project Ex_2 ****
Info: Internal Builder is used for build
gcc -O0 -g3 -Wall -c -fmessage-length=0 -o "src\\Ex_2.o" "..\\src\\Ex_2.c" 
gcc -o Ex_2.exe "src\\Ex_2.o" 
c:/users/lenovo/gcc/bin/../lib/gcc/x86_64-w64-mingw32/10.2.0/../../../../x86_64-w64-mingw32/bin/ld.exe: cannot open output file Ex_2.exe: Permission denied
collect2.exe: error: ld returned 1 exit status
06:30:26 **** Incremental Build of configuration Debug for project Ex_2 ****
Info: Internal Builder is used for build
gcc -o Ex_2.exe "src\\Ex_2.o" 
c:/users/lenovo/gcc/bin/../lib/gcc/x86_64-w64-mingw32/10.2.0/../../../../x86_64-w64-mingw32/bin/ld.exe: cannot open output file Ex_2.exe: Permission denied
collect2.exe: error: ld returned 1 exit status
06:31:21 **** Rebuild of configuration Debug for project Ex2 ****
Info: Internal Builder is used for build
gcc -O0 -g3 -Wall -c -fmessage-length=0 -o "src\\Ex2.o" "..\\src\\Ex2.c" 
gcc -o Ex2.exe "src\\Ex2.o" 
Info: Nothing to build for Ex_1
Info: Nothing to build for Ex2
Info: Nothing to build for Ex2
Info: Nothing to build for Ex2
Info: Nothing to build for Ex_1
07:38:49 **** Rebuild of configuration Debug for project Ex_3 ****
Info: Internal Builder is used for build
gcc -O0 -g3 -Wall -c -fmessage-length=0 -o "src\\Ex_3.o" "..\\src\\Ex_3.c" 
..\src\Ex_3.c: In function 'reverse':
..\src\Ex_3.c:15:10: warning: comparison between pointer and integer
   15 |  if (ptr != '\n')
      |          ^~
..\src\Ex_3.c:17:3: error: too few arguments to function 'reverse'
   17 |   reverse();
      |   ^~~~~~~
..\src\Ex_3.c:13:6: note: declared here
   13 | char reverse (char *ptr)
      |      ^~~~~~~
..\src\Ex_3.c:18:12: warning: format '%c' expects argument of type 'int', but argument 2 has type 'char *' [-Wformat=]
   18 |   printf("%c",ptr);
      |           ~^  ~~~
      |            |  |
      |            |  char *
      |            int
      |           %s
..\src\Ex_3.c:18:12: warning: format '%c' expects argument of type 'int', but argument 2 has type 'char *' [-Wformat=]
   18 |   printf("%c",ptr);
      |           ~^  ~~~
      |            |  |
      |            |  char *
      |            int
      |           %s
..\src\Ex_3.c:20:1: warning: control reaches end of non-void function [-Wreturn-type]
   20 | }
      | ^
Info: Nothing to build for Ex2
Info: Nothing to build for Ex_1
07:40:42 **** Incremental Build of configuration Debug for project Ex_3 ****
Info: Internal Builder is used for build
gcc -O0 -g3 -Wall -c -fmessage-length=0 -o "src\\Ex_3.o" "..\\src\\Ex_3.c" 
..\src\Ex_3.c: In function 'reverse':
..\src\Ex_3.c:18:8: warning: comparison between pointer and integer
   18 |  if (x != '\n')
      |        ^~
..\src\Ex_3.c:21:12: warning: format '%c' expects argument of type 'int', but argument 2 has type 'char *' [-Wformat=]
   21 |   printf("%c",x);
      |           ~^  ~
      |            |  |
      |            |  char *
      |            int
      |           %s
..\src\Ex_3.c:21:12: warning: format '%c' expects argument of type 'int', but argument 2 has type 'char *' [-Wformat=]
   21 |   printf("%c",x);
      |           ~^  ~
      |            |  |
      |            |  char *
      |            int
      |           %s
..\src\Ex_3.c: In function 'main':
..\src\Ex_3.c:26:10: error: 'x' undeclared (first use in this function)
   26 |  reverse(x);
      |          ^
..\src\Ex_3.c:26:10: note: each undeclared identifier is reported only once for each function it appears in
..\src\Ex_3.c:26:2: error: too many arguments to function 'reverse'
   26 |  reverse(x);
      |  ^~~~~~~
..\src\Ex_3.c:13:6: note: declared here
   13 | void reverse (void)
      |      ^~~~~~~
Info: Nothing to build for Ex2
Info: Nothing to build for Ex_1
07:41:02 **** Incremental Build of configuration Debug for project Ex_3 ****
Info: Internal Builder is used for build
gcc -O0 -g3 -Wall -c -fmessage-length=0 -o "src\\Ex_3.o" "..\\src\\Ex_3.c" 
..\src\Ex_3.c: In function 'reverse':
..\src\Ex_3.c:17:10: warning: format '%c' expects argument of type 'char *', but argument 2 has type 'int' [-Wformat=]
   17 |  scanf("%c",x);
      |         ~^  ~
      |          |  |
      |          |  int
      |          char *
..\src\Ex_3.c:17:10: warning: format '%c' expects argument of type 'char *', but argument 2 has type 'int' [-Wformat=]
..\src\Ex_3.c: In function 'main':
..\src\Ex_3.c:26:10: error: 'x' undeclared (first use in this function)
   26 |  reverse(x);
      |          ^
..\src\Ex_3.c:26:10: note: each undeclared identifier is reported only once for each function it appears in
..\src\Ex_3.c:26:2: error: too many arguments to function 'reverse'
   26 |  reverse(x);
      |  ^~~~~~~
..\src\Ex_3.c:13:6: note: declared here
   13 | void reverse (void)
      |      ^~~~~~~
Info: Nothing to build for Ex2
Info: Nothing to build for Ex_1
07:41:24 **** Incremental Build of configuration Debug for project Ex_3 ****
Info: Internal Builder is used for build
gcc -O0 -g3 -Wall -c -fmessage-length=0 -o "src\\Ex_3.o" "..\\src\\Ex_3.c" 
gcc -o Ex_3.exe "src\\Ex_3.o" 
Info: Nothing to build for Ex_3
Info: Nothing to build for Ex2
Info: Nothing to build for Ex_1
07:41:56 **** Incremental Build of configuration Debug for project Ex_3 ****
Info: Internal Builder is used for build
gcc -O0 -g3 -Wall -c -fmessage-length=0 -o "src\\Ex_3.o" "..\\src\\Ex_3.c" 
gcc -o Ex_3.exe "src\\Ex_3.o" 
Info: Nothing to build for Ex_3
Info: Nothing to build for Ex_3
Info: Nothing to build for Ex2
Info: Nothing to build for Ex_1
Info: Nothing to build for Ex_3
Info: Nothing to build for Ex_3
Info: Nothing to build for Ex2
Info: Nothing to build for Ex_1
07:42:52 **** Incremental Build of configuration Debug for project Ex_3 ****
Info: Internal Builder is used for build
gcc -O0 -g3 -Wall -c -fmessage-length=0 -o "src\\Ex_3.o" "..\\src\\Ex_3.c" 
gcc -o Ex_3.exe "src\\Ex_3.o" 
c:/users/lenovo/gcc/bin/../lib/gcc/x86_64-w64-mingw32/10.2.0/../../../../x86_64-w64-mingw32/bin/ld.exe: cannot open output file Ex_3.exe: Permission denied
collect2.exe: error: ld returned 1 exit status
07:42:54 **** Incremental Build of configuration Debug for project Ex_3 ****
Info: Internal Builder is used for build
gcc -o Ex_3.exe "src\\Ex_3.o" 
c:/users/lenovo/gcc/bin/../lib/gcc/x86_64-w64-mingw32/10.2.0/../../../../x86_64-w64-mingw32/bin/ld.exe: cannot open output file Ex_3.exe: Permission denied
collect2.exe: error: ld returned 1 exit status
Info: Nothing to build for Ex2
07:43:33 **** Rebuild of configuration Debug for project Ex3 ****
Info: Internal Builder is used for build
gcc -O0 -g3 -Wall -c -fmessage-length=0 -o "src\\Ex3.o" "..\\src\\Ex3.c" 
gcc -o Ex3.exe "src\\Ex3.o" 
Info: Nothing to build for Ex_1
Info: Nothing to build for Ex3
Info: Nothing to build for Ex2
Info: Nothing to build for Ex3
Info: Nothing to build for Ex_1
08:00:14 **** Rebuild of configuration Debug for project Ex_4 ****
Info: Internal Builder is used for build
gcc -O0 -g3 -Wall -c -fmessage-length=0 -o "src\\Ex_4.o" "..\\src\\Ex_4.c" 
..\src\Ex_4.c: In function 'main':
..\src\Ex_4.c:24:9: warning: character constant too long for its type
   24 |  fflush('stdout');
      |         ^~~~~~~~
..\src\Ex_4.c:24:9: warning: passing argument 1 of 'fflush' makes pointer from integer without a cast [-Wint-conversion]
In file included from ..\src\Ex_4.c:11:
c:\users\lenovo\gcc\x86_64-w64-mingw32\include\stdio.h:449:28: note: expected 'FILE *' {aka 'struct _iobuf *'} but argument is of type 'int'
  449 |   int __cdecl fflush(FILE *_File);
      |                      ~~~~~~^~~~~
gcc -o Ex_4.exe "src\\Ex_4.o" 
Info: Nothing to build for Ex_4
Info: Nothing to build for Ex_4
08:00:58 **** Incremental Build of configuration Debug for project Ex_4 ****
Info: Internal Builder is used for build
gcc -O0 -g3 -Wall -c -fmessage-length=0 -o "src\\Ex_4.o" "..\\src\\Ex_4.c" 
..\src\Ex_4.c: In function 'main':
..\src\Ex_4.c:24:9: warning: character constant too long for its type
   24 |  fflush('stdout');
      |         ^~~~~~~~
..\src\Ex_4.c:24:9: warning: passing argument 1 of 'fflush' makes pointer from integer without a cast [-Wint-conversion]
In file included from ..\src\Ex_4.c:11:
c:\users\lenovo\gcc\x86_64-w64-mingw32\include\stdio.h:449:28: note: expected 'FILE *' {aka 'struct _iobuf *'} but argument is of type 'int'
  449 |   int __cdecl fflush(FILE *_File);
      |                      ~~~~~~^~~~~
..\src\Ex_4.c:25:10: warning: format '%d' expects argument of type 'int *', but argument 2 has type 'char *' [-Wformat=]
   25 |  scanf("%d %d",&x,&y);
      |         ~^     ~~
      |          |     |
      |          int * char *
      |         %c
..\src\Ex_4.c:25:13: warning: format '%d' expects argument of type 'int *', but argument 3 has type 'char *' [-Wformat=]
   25 |  scanf("%d %d",&x,&y);
      |            ~^     ~~
      |             |     |
      |             int * char *
      |            %c
..\src\Ex_4.c:25:10: warning: format '%d' expects argument of type 'int *', but argument 2 has type 'char *' [-Wformat=]
   25 |  scanf("%d %d",&x,&y);
      |         ~^     ~~
      |          |     |
      |          int * char *
      |         %c
..\src\Ex_4.c:25:13: warning: format '%d' expects argument of type 'int *', but argument 3 has type 'char *' [-Wformat=]
   25 |  scanf("%d %d",&x,&y);
      |            ~^     ~~
      |             |     |
      |             int * char *
      |            %c
gcc -o Ex_4.exe "src\\Ex_4.o" 
Info: Nothing to build for Ex2
Info: Nothing to build for Ex3
Info: Nothing to build for Ex_1
08:01:14 **** Incremental Build of configuration Debug for project Ex_4 ****
Info: Internal Builder is used for build
gcc -O0 -g3 -Wall -c -fmessage-length=0 -o "src\\Ex_4.o" "..\\src\\Ex_4.c" 
..\src\Ex_4.c: In function 'main':
..\src\Ex_4.c:24:9: warning: character constant too long for its type
   24 |  fflush('stdout');
      |         ^~~~~~~~
..\src\Ex_4.c:24:9: warning: passing argument 1 of 'fflush' makes pointer from integer without a cast [-Wint-conversion]
In file included from ..\src\Ex_4.c:11:
c:\users\lenovo\gcc\x86_64-w64-mingw32\include\stdio.h:449:28: note: expected 'FILE *' {aka 'struct _iobuf *'} but argument is of type 'int'
  449 |   int __cdecl fflush(FILE *_File);
      |                      ~~~~~~^~~~~
gcc -o Ex_4.exe "src\\Ex_4.o" 
Info: Nothing to build for Ex_4
Info: Nothing to build for Ex2
Info: Nothing to build for Ex3
Info: Nothing to build for Ex_1
08:01:58 **** Incremental Build of configuration Debug for project Ex_4 ****
Info: Internal Builder is used for build
gcc -O0 -g3 -Wall -c -fmessage-length=0 -o "src\\Ex_4.o" "..\\src\\Ex_4.c" 
gcc -o Ex_4.exe "src\\Ex_4.o" 
Info: Nothing to build for Ex_4
Info: Nothing to build for Ex2
Info: Nothing to build for Ex3
Info: Nothing to build for Ex_1
08:03:32 **** Incremental Build of configuration Debug for project Ex_4 ****
Info: Internal Builder is used for build
gcc -O0 -g3 -Wall -c -fmessage-length=0 -o "src\\Ex_4.o" "..\\src\\Ex_4.c" 
gcc -o Ex_4.exe "src\\Ex_4.o" 
Info: Nothing to build for Ex_4
Info: Nothing to build for Ex2
Info: Nothing to build for Ex3
Info: Nothing to build for Ex_1
Info: Nothing to build for Ex_4
Info: Nothing to build for Ex_4
Info: Nothing to build for Ex2
Info: Nothing to build for Ex3
Info: Nothing to build for Ex_1
08:04:39 **** Incremental Build of configuration Debug for project Ex_4 ****
Info: Internal Builder is used for build
gcc -O0 -g3 -Wall -c -fmessage-length=0 -o "src\\Ex_4.o" "..\\src\\Ex_4.c" 
gcc -o Ex_4.exe "src\\Ex_4.o" 
Info: Nothing to build for Ex_4
Info: Nothing to build for Ex2
Info: Nothing to build for Ex3
Info: Nothing to build for Ex_1
Info: Nothing to build for Ex_4
Info: Nothing to build for Ex_4
